[ 2023-06-11 12:35:07,109 ] 26 root - INFO - Data Ingestion methods Starts
[ 2023-06-11 12:35:07,109 ] 29 root - INFO - Dataset read as pandas Dataframe
[ 2023-06-11 12:35:07,141 ] 33 root - INFO - Train Test split
[ 2023-06-11 12:35:07,182 ] 44 root - INFO - Ingestion of Data is completed
[ 2023-06-11 12:35:07,204 ] 79 root - INFO - Read train and test data completed
[ 2023-06-11 12:35:07,204 ] 80 root - INFO - Train Dataframe Head : 
   Gender        Age    Height      Weight family_history_with_overweight FAVC      FCVC  NCP       CAEC SMOKE      CH2O  SCC       FAF       TUE       CALC                 MTRANS           NObeyesdad
0  Female  25.982113  1.627818  105.428628                            yes  yes  3.000000  3.0  Sometimes    no  1.480750   no  0.098043  0.663492  Sometimes  Public_Transportation     Obesity_Type_III
1  Female  26.000000  1.656320  111.933010                            yes  yes  3.000000  3.0  Sometimes    no  2.774014   no  0.000000  0.138418  Sometimes  Public_Transportation     Obesity_Type_III
2    Male  18.000000  1.750097   86.372141                            yes  yes  2.907062  3.0  Sometimes    no  2.740848   no  1.219827  0.037634  Sometimes  Public_Transportation  Overweight_Level_II
3  Female  22.000000  1.700000   66.000000                            yes   no  3.000000  3.0     Always    no  2.000000  yes  2.000000  1.000000  Sometimes  Public_Transportation        Normal_Weight
4    Male  23.451595  1.670227   75.000000                            yes  yes  2.000000  3.0  Sometimes    no  2.000000   no  0.129163  1.983678  Sometimes  Public_Transportation   Overweight_Level_I
[ 2023-06-11 12:35:07,220 ] 81 root - INFO - Test Dataframe Head  : 
   Gender        Age    Height      Weight family_history_with_overweight FAVC  FCVC       NCP        CAEC SMOKE      CH2O  SCC       FAF       TUE       CALC                 MTRANS           NObeyesdad
0  Female  20.406871  1.755978   53.699561                            yes  yes   2.0  3.891994  Frequently    no  1.863930   no  2.870127  2.000000         no  Public_Transportation  Insufficient_Weight
1  Female  26.000000  1.624950  111.004920                            yes  yes   3.0  3.000000   Sometimes    no  2.704315   no  0.000000  0.322666  Sometimes  Public_Transportation     Obesity_Type_III
2    Male  18.000000  1.850000   60.000000                            yes  yes   3.0  4.000000   Sometimes    no  2.000000  yes  2.000000  0.000000  Sometimes             Automobile  Insufficient_Weight
3  Female  21.000000  1.520000   42.000000                             no  yes   3.0  1.000000  Frequently    no  1.000000   no  0.000000  0.000000  Sometimes  Public_Transportation  Insufficient_Weight
4    Male  22.000000  1.750000   74.000000                            yes   no   2.0  3.000000   Sometimes    no  2.000000   no  1.000000  2.000000  Sometimes                   Bike        Normal_Weight
[ 2023-06-11 12:35:07,220 ] 83 root - INFO - Obtaining preprocessing object
[ 2023-06-11 12:35:07,220 ] 26 root - INFO - Data Transformation initiated
[ 2023-06-11 12:35:07,220 ] 37 root - INFO - Pipeline Initiated
[ 2023-06-11 12:35:07,251 ] 104 root - INFO - Applying preprocessing object on training and testing datasets.
[ 2023-06-11 12:35:07,251 ] 116 root - INFO - Preprocessor pickle file saved
[ 2023-06-11 12:35:07,251 ] 31 root - INFO - Splitting Dependent and Independent variables from train and test data
[ 2023-06-11 12:35:07,774 ] 48 root - INFO - Model Report : {'DecisionTreeClassifier': 0.9100946372239748, 'LogisticRegressionClassifier': 0.831230283911672, 'SVC': 0.6529968454258676}
[ 2023-06-11 12:35:07,774 ] 61 root - INFO - Best Model Found , Model Name : DecisionTreeClassifier , acc Score : 0.9100946372239748
